Blast4-request ::= {
  body queue-search {
    program "blastn",
    service "megablast",
    queries bioseq-set {
      seq-set {
        seq {
          id {
            local str "Query_1"
          },
          descr {
            title "dummy",
            user {
              type str "CFastaReader",
              data {
                {
                  label str "DefLine",
                  data str ">dummy"
                }
              }
            }
          },
          inst {
            repr raw,
            mol na,
            length 4,
            seq-data ncbi2na '1B'H
          }
        }
      }
    },
    subject database "nt.00",
    algorithm-options {
      {
        name "DbLength",
        value big-integer 364332541498
      },
      {
        name "EvalueThreshold",
        value cutoff e-value { 1, 10, 1 }
      },
      {
        name "GapXDropoff",
        value real { 0, 10, 0 }
      },
      {
        name "GapXDropoffFinal",
        value real { 0, 10, 0 }
      },
      {
        name "EffectiveSearchSpace",
        value big-integer 0
      },
      {
        name "MismatchPenalty",
        value integer -3
      },
      {
        name "MatchReward",
        value integer 1
      },
      {
        name "MaskAtHash",
        value boolean TRUE
      },
      {
        name "DustFiltering",
        value boolean TRUE
      },
      {
        name "UngappedMode",
        value boolean FALSE
      },
      {
        name "Culling",
        value integer 0
      },
      {
        name "WindowSize",
        value integer 0
      },
      {
        name "HitlistSize",
        value integer 500
      }
    }
  }
}
