Blast4-request ::= {
  body queue-search {
    program "blastn",
    service "megablast",
    queries bioseq-set {
      seq-set {
        seq {
          id {
            local str "Query_1"
          },
          descr {
            title "dummy",
            user {
              type str "CFastaReader",
              data {
                {
                  label str "DefLine",
                  data str ">dummy"
                }
              }
            }
          },
          inst {
            repr raw,
            mol na,
            length 4,
            seq-data ncbi2na '1B'H
          }
        }
      }
    },
    subject database "nt.00",
    algorithm-options {
      {
        name "EvalueThreshold",
        value cutoff e-value { 1, 10, -1 }
      },
      {
        name "MaskAtHash",
        value boolean TRUE
      },
      {
        name "DustFilteringLevel",
        value integer 20
      },
      {
        name "DustFilteringWindow",
        value integer 64
      },
      {
        name "DustFilteringLinker",
        value integer 1
      },
      {
        name "UngappedMode",
        value boolean FALSE
      },
      {
        name "ForceMbIndex",
        value boolean FALSE
      },
      {
        name "MbIndexName",
        value string "nt.00"
      },
      {
        name "HitlistSize",
        value integer 500
      }
    }
  }
}
