Blast4-request ::= {
  body queue-search {
    program "blastp",
    service "plain",
    queries bioseq-set {
      seq-set {
        seq {
          id {
            local str "Query_1"
          },
          descr {
            title "dummy",
            user {
              type str "CFastaReader",
              data {
                {
                  label str "DefLine",
                  data str ">dummy"
                }
              }
            }
          },
          inst {
            repr raw,
            mol na,
            length 4,
            seq-data ncbi2na '1B'H
          }
        }
      }
    },
    subject database "nr.00",
    algorithm-options {
      {
        name "EvalueThreshold",
        value cutoff e-value { 1, 10, -4 }
      },
      {
        name "MaskAtHash",
        value boolean FALSE
      },
      {
        name "SegFiltering",
        value boolean TRUE
      },
      {
        name "WordThreshold",
        value integer 11
      },
      {
        name "WindowSize",
        value integer 40
      },
      {
        name "HitlistSize",
        value integer 10
      },
      {
        name "UngappedMode",
        value boolean FALSE
      },
      {
        name "CompositionBasedStats",
        value integer 2
      },
      {
        name "SmithWatermanMode",
        value boolean FALSE
      }
    }
  }
}
